<?xml version="1.0" encoding="UTF-8"?>
<!-- Generated by org.testng.reporters.JUnitXMLReporter -->
<testsuite ignored="4" hostname="Pallavi-Sadhus-MacBook-Air.local" failures="0" tests="4" name="Test" time="8.223" errors="0" timestamp="2022-12-11T18:37:26 CST">
  <testcase classname="tests.LoginTest" name="verifyTitle" time="0.021"/>
  <testcase classname="tests.LoginTest" name="verifyLogin" time="1.008"/>
  <testcase classname="tests.TaskListTest" name="verifyAddTask" time="3.68"/>
  <testcase classname="tests.TaskListTest" name="verifyDeleteTask" time="3.374"/>
  <testcase classname="tests.TestBase" name="@AfterSuite quitBrowser" time="0.0">
    <ignored/>
  </testcase> <!-- @AfterSuite quitBrowser -->
  <testcase classname="tests.TestBase" name="@AfterTest printAfterTest" time="0.0">
    <ignored/>
  </testcase> <!-- @AfterTest printAfterTest -->
  <testcase classname="tests.TestBase" name="@BeforeSuite initialize" time="0.0">
    <ignored/>
  </testcase> <!-- @BeforeSuite initialize -->
  <testcase classname="tests.TestBase" name="@BeforeTest print" time="0.0">
    <ignored/>
  </testcase> <!-- @BeforeTest print -->
</testsuite> <!-- Test -->
