<?xml version="1.0" encoding="UTF-8"?>
<!-- Generated by org.testng.reporters.JUnitXMLReporter -->
<testsuite ignored="4" hostname="Pallavi-Sadhus-MacBook-Air.local" failures="0" tests="6" name="Test" time="9.306" errors="0" timestamp="2022-12-11T18:56:17 CST">
  <testcase classname="tests.LoginTest" name="verifyTitle" time="0.022"/>
  <testcase classname="tests.LoginTest" name="verifyLogin" time="1.862"/>
  <testcase classname="tests.TaskListTest" name="verifyAddTask" time="3.602"/>
  <testcase classname="tests.TaskListTest" name="verifyDeleteTask" time="3.459"/>
  <testcase classname="tests.TaskListTest" name="verifyTaskCount" time="0.028"/>
  <testcase classname="tests.TaskListTest" name="verifySignout" time="0.119"/>
  <testcase classname="tests.TestBase" name="@AfterSuite quitBrowser" time="0.0">
    <ignored/>
  </testcase> <!-- @AfterSuite quitBrowser -->
  <testcase classname="tests.TestBase" name="@AfterTest printAfterTest" time="0.0">
    <ignored/>
  </testcase> <!-- @AfterTest printAfterTest -->
  <testcase classname="tests.TestBase" name="@BeforeTest print" time="0.0">
    <ignored/>
  </testcase> <!-- @BeforeTest print -->
  <testcase classname="tests.TestBase" name="@BeforeSuite initialize" time="0.0">
    <ignored/>
  </testcase> <!-- @BeforeSuite initialize -->
</testsuite> <!-- Test -->
