<?xml version="1.0" encoding="UTF-8"?>
<testng-results ignored="4" total="7" passed="3" failed="0" skipped="0">
  <reporter-output>
  </reporter-output>
  <suite started-at="2022-12-11T17:50:19 CST" name="Suite" finished-at="2022-12-11T17:50:25 CST" duration-ms="5941">
    <groups>
    </groups>
    <test started-at="2022-12-11T17:50:19 CST" name="Test" finished-at="2022-12-11T17:50:25 CST" duration-ms="5941">
      <class name="tests.LoginTest">
        <test-method is-config="true" signature="initialize()[pri:0, instance:tests.LoginTest@4b013c76]" started-at="2022-12-11T17:50:12 CST" name="initialize" finished-at="2022-12-11T17:50:19 CST" duration-ms="7379" status="PASS">
          <reporter-output>
          </reporter-output>
        </test-method> <!-- initialize -->
        <test-method is-config="true" signature="print()[pri:0, instance:tests.LoginTest@4b013c76]" started-at="2022-12-11T17:50:19 CST" name="print" finished-at="2022-12-11T17:50:19 CST" duration-ms="2" status="PASS">
          <reporter-output>
          </reporter-output>
        </test-method> <!-- print -->
        <test-method is-config="true" signature="init()[pri:0, instance:tests.LoginTest@4b013c76]" started-at="2022-12-11T17:50:19 CST" name="init" finished-at="2022-12-11T17:50:19 CST" duration-ms="33" status="PASS">
          <reporter-output>
          </reporter-output>
        </test-method> <!-- init -->
        <test-method signature="verifyTitle()[pri:1, instance:tests.LoginTest@4b013c76]" started-at="2022-12-11T17:50:19 CST" name="verifyTitle" finished-at="2022-12-11T17:50:19 CST" duration-ms="21" status="PASS">
          <reporter-output>
          </reporter-output>
        </test-method> <!-- verifyTitle -->
        <test-method signature="verifyLogin()[pri:2, instance:tests.LoginTest@4b013c76]" started-at="2022-12-11T17:50:19 CST" name="verifyLogin" finished-at="2022-12-11T17:50:21 CST" duration-ms="2212" status="PASS">
          <reporter-output>
          </reporter-output>
        </test-method> <!-- verifyLogin -->
        <test-method is-config="true" signature="printAfterTest()[pri:0, instance:tests.LoginTest@4b013c76]" started-at="2022-12-11T17:50:25 CST" name="printAfterTest" finished-at="2022-12-11T17:50:25 CST" duration-ms="0" status="PASS">
          <reporter-output>
          </reporter-output>
        </test-method> <!-- printAfterTest -->
        <test-method is-config="true" signature="quitBrowser()[pri:0, instance:tests.LoginTest@4b013c76]" started-at="2022-12-11T17:50:25 CST" name="quitBrowser" finished-at="2022-12-11T17:50:25 CST" duration-ms="349" status="PASS">
          <reporter-output>
          </reporter-output>
        </test-method> <!-- quitBrowser -->
      </class> <!-- tests.LoginTest -->
      <class name="tests.TaskListTest">
        <test-method is-config="true" signature="init()[pri:0, instance:tests.TaskListTest@1c5920df]" started-at="2022-12-11T17:50:21 CST" name="init" finished-at="2022-12-11T17:50:21 CST" duration-ms="3" status="PASS">
          <reporter-output>
          </reporter-output>
        </test-method> <!-- init -->
        <test-method signature="verifyAddTask()[pri:0, instance:tests.TaskListTest@1c5920df]" started-at="2022-12-11T17:50:21 CST" name="verifyAddTask" finished-at="2022-12-11T17:50:25 CST" duration-ms="3600" status="PASS">
          <reporter-output>
          </reporter-output>
        </test-method> <!-- verifyAddTask -->
      </class> <!-- tests.TaskListTest -->
    </test> <!-- Test -->
  </suite> <!-- Suite -->
</testng-results>
