<?xml version="1.0" encoding="UTF-8"?>
<testng-results ignored="4" total="8" passed="4" failed="0" skipped="0">
  <reporter-output>
  </reporter-output>
  <suite started-at="2022-12-11T18:37:17 CST" name="Suite" finished-at="2022-12-11T18:37:26 CST" duration-ms="8223">
    <groups>
    </groups>
    <test started-at="2022-12-11T18:37:17 CST" name="Test" finished-at="2022-12-11T18:37:26 CST" duration-ms="8223">
      <class name="tests.LoginTest">
        <test-method is-config="true" signature="initialize()[pri:0, instance:tests.LoginTest@53fb3dab]" started-at="2022-12-11T18:37:07 CST" name="initialize" finished-at="2022-12-11T18:37:17 CST" duration-ms="10724" status="PASS">
          <reporter-output>
          </reporter-output>
        </test-method> <!-- initialize -->
        <test-method is-config="true" signature="print()[pri:0, instance:tests.LoginTest@53fb3dab]" started-at="2022-12-11T18:37:17 CST" name="print" finished-at="2022-12-11T18:37:17 CST" duration-ms="1" status="PASS">
          <reporter-output>
          </reporter-output>
        </test-method> <!-- print -->
        <test-method is-config="true" signature="init()[pri:0, instance:tests.LoginTest@53fb3dab]" started-at="2022-12-11T18:37:17 CST" name="init" finished-at="2022-12-11T18:37:18 CST" duration-ms="36" status="PASS">
          <reporter-output>
          </reporter-output>
        </test-method> <!-- init -->
        <test-method signature="verifyTitle()[pri:1, instance:tests.LoginTest@53fb3dab]" started-at="2022-12-11T18:37:18 CST" name="verifyTitle" finished-at="2022-12-11T18:37:18 CST" duration-ms="21" status="PASS">
          <reporter-output>
          </reporter-output>
        </test-method> <!-- verifyTitle -->
        <test-method signature="verifyLogin()[pri:2, instance:tests.LoginTest@53fb3dab]" started-at="2022-12-11T18:37:18 CST" name="verifyLogin" finished-at="2022-12-11T18:37:19 CST" duration-ms="1008" status="PASS">
          <reporter-output>
          </reporter-output>
        </test-method> <!-- verifyLogin -->
        <test-method is-config="true" signature="printAfterTest()[pri:0, instance:tests.LoginTest@53fb3dab]" started-at="2022-12-11T18:37:26 CST" name="printAfterTest" finished-at="2022-12-11T18:37:26 CST" duration-ms="1" status="PASS">
          <reporter-output>
          </reporter-output>
        </test-method> <!-- printAfterTest -->
        <test-method is-config="true" signature="quitBrowser()[pri:0, instance:tests.LoginTest@53fb3dab]" started-at="2022-12-11T18:37:26 CST" name="quitBrowser" finished-at="2022-12-11T18:37:27 CST" duration-ms="706" status="PASS">
          <reporter-output>
          </reporter-output>
        </test-method> <!-- quitBrowser -->
      </class> <!-- tests.LoginTest -->
      <class name="tests.TaskListTest">
        <test-method is-config="true" signature="init()[pri:0, instance:tests.TaskListTest@17f9d882]" started-at="2022-12-11T18:37:19 CST" name="init" finished-at="2022-12-11T18:37:19 CST" duration-ms="27" status="PASS">
          <reporter-output>
          </reporter-output>
        </test-method> <!-- init -->
        <test-method signature="verifyAddTask()[pri:1, instance:tests.TaskListTest@17f9d882]" started-at="2022-12-11T18:37:19 CST" name="verifyAddTask" finished-at="2022-12-11T18:37:22 CST" duration-ms="3680" status="PASS">
          <reporter-output>
          </reporter-output>
        </test-method> <!-- verifyAddTask -->
        <test-method signature="verifyDeleteTask()[pri:2, instance:tests.TaskListTest@17f9d882]" started-at="2022-12-11T18:37:22 CST" name="verifyDeleteTask" finished-at="2022-12-11T18:37:26 CST" duration-ms="3374" status="PASS">
          <reporter-output>
          </reporter-output>
        </test-method> <!-- verifyDeleteTask -->
      </class> <!-- tests.TaskListTest -->
    </test> <!-- Test -->
  </suite> <!-- Suite -->
</testng-results>
